<?xml version="1.0" encoding="utf-8"?><testsuites><testsuite name="pytest" errors="0" failures="0" skipped="0" tests="555" time="370.556" timestamp="2026-08-31T10:51:38.706295" hostname="DESKTOP-OI051DE"><testcase classname="tests.test_active_document_consistency" name="test_active_manuscript_uses_current_repository_and_pilot_scope" time="0.002" /><testcase classname="tests.test_active_document_consistency" name="test_experiment_guide_and_residual_register_expose_noncanonical_scope" time="0.001" /><testcase classname="tests.test_ag_canonical.TestAGCanonical" name="test_batch" time="0.004" /><testcase classname="tests.test_ag_canonical.TestAGCanonical" name="test_generates_valid_circuit" time="0.001" /><testcase classname="tests.test_ag_canonical.TestAGCanonical" name="test_reproducible" time="0.001" /><testcase classname="tests.test_ag_canonical.TestAGCanonical" name="test_s_sdg_sampling_is_symmetric" time="0.064" /><testcase classname="tests.test_ag_canonical.TestAGCanonical" name="test_stages_are_disjoint" time="0.001" /><testcase classname="tests.test_archive_restore_audit" name="test_capsule_restores_in_temporary_directory_and_isolated_python" time="0.170" /><testcase classname="tests.test_archive_restore_audit" name="test_restore_rejects_path_traversal_member" time="0.019" /><testcase classname="tests.test_archive_restore_audit" name="test_release_manifest_sections_must_be_globally_unique" time="0.001" /><testcase classname="tests.test_audit_script_entrypoints" name="test_release_audit_script_supports_direct_help[scripts/audit_equivalence_verifier_agreement.py]" time="0.792" /><testcase classname="tests.test_audit_script_entrypoints" name="test_release_audit_script_supports_direct_help[scripts/audit_semantic_mutation_sentinels.py]" time="0.800" /><testcase classname="tests.test_audit_script_entrypoints" name="test_release_audit_script_supports_direct_help[scripts/audit_rewrite_properties.py]" time="0.846" /><testcase classname="tests.test_audit_script_entrypoints" name="test_release_audit_script_supports_direct_help[scripts/audit_rewrite_order_confluence.py]" time="0.768" /><testcase classname="tests.test_ceiling_aware.TestCeilingAware" name="test_detailed_result_populates_all_fields" time="0.009" /><testcase classname="tests.test_ceiling_aware.TestCeilingAware" name="test_faster_on_ghz" time="0.001" /><testcase classname="tests.test_ceiling_aware.TestCeilingAware" name="test_faster_on_qft" time="0.002" /><testcase classname="tests.test_ceiling_aware.TestCeilingAware" name="test_phase1_not_skipped_on_cnot_chain" time="0.004" /><testcase classname="tests.test_ceiling_aware.TestCeilingAware" name="test_phase2_proxy_detects_commutation_opportunities" time="0.001" /><testcase classname="tests.test_ceiling_aware.TestCeilingAware" name="test_phase2_proxy_zero_when_no_opportunities" time="0.001" /><testcase classname="tests.test_ceiling_aware.TestCeilingAware" name="test_proxy_counts_multiple_pairs" time="0.001" /><testcase classname="tests.test_ceiling_aware.TestCeilingAware" name="test_proxy_detects_hh_pair" time="0.000" /><testcase classname="tests.test_ceiling_aware.TestCeilingAware" name="test_proxy_detects_mergeable_rotations" time="0.000" /><testcase classname="tests.test_ceiling_aware.TestCeilingAware" name="test_proxy_empty_for_identity_circuit" time="0.000" /><testcase classname="tests.test_ceiling_aware.TestCeilingAware" name="test_proxy_zero_for_no_cancellable_pairs" time="0.001" /><testcase classname="tests.test_ceiling_aware.TestCeilingAware" name="test_reduction_parity_across_benchmarks" time="0.024" /><testcase classname="tests.test_ceiling_aware.TestCeilingAware" name="test_reduction_parity_on_cnot_chain" time="0.015" /><testcase classname="tests.test_ceiling_aware.TestCeilingAware" name="test_reduction_parity_on_random_circuit" time="0.031" /><testcase classname="tests.test_ceiling_aware.TestCeilingAware" name="test_timing_overhead_is_small" time="0.045" /><testcase classname="tests.test_ceiling_aware.TestCeilingAware" name="test_to_dict_has_expected_keys" time="0.002" /><testcase classname="tests.test_ceiling_aware.TestCeilingAware" name="test_unitary_preserved_ceiling_aware" time="0.013" /><testcase classname="tests.test_circuit_generation.TestCircuitGeneration" name="test_batch_generation" time="0.022" /><testcase classname="tests.test_circuit_generation.TestCircuitGeneration" name="test_clifford_circuit_generation" time="0.002" /><testcase classname="tests.test_circuit_generation.TestCircuitGeneration" name="test_cnot_dihedral_generation" time="0.002" /><testcase classname="tests.test_circuit_generation.TestCircuitGeneration" name="test_config_serialization" time="0.001" /><testcase classname="tests.test_circuit_generation.TestCircuitGeneration" name="test_config_validation_density" time="0.001" /><testcase classname="tests.test_circuit_generation.TestCircuitGeneration" name="test_config_validation_depth" time="0.001" /><testcase classname="tests.test_circuit_generation.TestCircuitGeneration" name="test_config_validation_n_qubits" time="0.001" /><testcase classname="tests.test_circuit_generation.TestCircuitGeneration" name="test_reproducibility" time="0.003" /><testcase classname="tests.test_circuit_generation.TestCircuitGeneration" name="test_structured_brickwork_generation" time="0.002" /><testcase classname="tests.test_circuit_generation.TestCircuitGeneration" name="test_universal_circuit_generation" time="0.001" /><testcase classname="tests.test_circuit_generation.TestMetricsCalculator" name="test_basic_metrics" time="0.001" /><testcase classname="tests.test_circuit_generation.TestMetricsCalculator" name="test_caching" time="0.001" /><testcase classname="tests.test_circuit_generation.TestMetricsCalculator" name="test_entanglement_entropy" time="0.001" /><testcase classname="tests.test_circuit_generation.TestExtendedCircuitFamilies" name="test_grover_generation" time="0.001" /><testcase classname="tests.test_circuit_generation.TestExtendedCircuitFamilies" name="test_grover_single_qubit" time="0.001" /><testcase classname="tests.test_circuit_generation.TestExtendedCircuitFamilies" name="test_haar_random_generation" time="0.091" /><testcase classname="tests.test_circuit_generation.TestExtendedCircuitFamilies" name="test_haar_random_too_large_raises" time="0.001" /><testcase classname="tests.test_circuit_generation.TestExtendedCircuitFamilies" name="test_iqp_generation" time="0.001" /><testcase classname="tests.test_circuit_generation.TestExtendedCircuitFamilies" name="test_quantum_adder_generation" time="0.001" /><testcase classname="tests.test_circuit_generation.TestExtendedCircuitFamilies" name="test_quantum_adder_minimum_size" time="0.001" /><testcase classname="tests.test_circuit_generation.TestExtendedCircuitFamilies" name="test_quantum_walk_generation" time="0.001" /><testcase classname="tests.test_circuit_generation.TestExtendedCircuitFamilies" name="test_random_clifford_generation" time="0.001" /><testcase classname="tests.test_circuit_generation.TestExtendedCircuitFamilies" name="test_reproducibility_new_families" time="0.006" /><testcase classname="tests.test_circuit_generation.TestExtendedCircuitFamilies" name="test_surface_code_syndrome_generation" time="0.001" /><testcase classname="tests.test_circuit_generation.TestExtendedCircuitFamilies" name="test_uccsd_ansatz_generation" time="0.001" /><testcase classname="tests.test_circuit_generation.TestExtendedSuiteGeneration" name="test_full_mode_includes_large_sizes" time="0.315" /><testcase classname="tests.test_circuit_generation.TestExtendedSuiteGeneration" name="test_invalid_mode_raises" time="0.001" /><testcase classname="tests.test_circuit_generation.TestExtendedSuiteGeneration" name="test_smoke_mode_circuit_families" time="0.058" /><testcase classname="tests.test_circuit_generation.TestExtendedSuiteGeneration" name="test_smoke_mode_generates_circuits" time="0.060" /><testcase classname="tests.test_circuit_generation.TestRealBenchmarksHelpers" name="test_average_gate_fidelity_identical" time="0.003" /><testcase classname="tests.test_circuit_generation.TestRealBenchmarksHelpers" name="test_average_gate_fidelity_known_orthogonal_unitaries" time="0.001" /><testcase classname="tests.test_circuit_generation.TestRealBenchmarksHelpers" name="test_average_gate_fidelity_too_large" time="0.001" /><testcase classname="tests.test_circuit_generation.TestRealBenchmarksHelpers" name="test_circuit_sha256_deterministic" time="0.001" /><testcase classname="tests.test_circuit_generation.TestRealBenchmarksHelpers" name="test_circuit_sha256_differs" time="0.001" /><testcase classname="tests.test_circuit_generation.TestRealBenchmarksHelpers" name="test_gate_counts_returns_expected_keys" time="0.001" /><testcase classname="tests.test_circuit_generation.TestExtendedMetrics" name="test_extended_metrics_no_reduction" time="0.002" /><testcase classname="tests.test_circuit_generation.TestExtendedMetrics" name="test_extended_metrics_on_cnot_chain" time="0.002" /><testcase classname="tests.test_circuit_generation.TestExtendedMetrics" name="test_extended_metrics_on_real_circuit" time="0.009" /><testcase classname="tests.test_circuit_generation.TestExtendedMetrics" name="test_extended_metrics_stored_in_metadata" time="0.001" /><testcase classname="tests.test_circuit_generation.TestAGStageGenerator" name="test_empty_h_stage_cannot_expose_cnot_cancellation" time="0.001" /><testcase classname="tests.test_circuit_semantics_scope_audit" name="test_circuit_semantics_scope_audit_is_explicit_and_fail_closed" time="0.074" /><testcase classname="tests.test_commutation.TestCommutation" name="test_cnot_commutes_with_z_on_control" time="0.001" /><testcase classname="tests.test_commutation.TestCommutation" name="test_disjoint_qubits_commute" time="0.001" /><testcase classname="tests.test_commutation.TestCommutation" name="test_h_x_do_not_commute" time="0.001" /><testcase classname="tests.test_commutation.TestCommutation" name="test_same_single_qubit_gate_commutes" time="0.001" /><testcase classname="tests.test_commutation.TestPhase2Optimizer" name="test_commutation_rewriter_runs" time="0.002" /><testcase classname="tests.test_commutation.TestPhase2Optimizer" name="test_hybrid_on_cnot_chain" time="0.002" /><testcase classname="tests.test_commutation.TestPhase2Optimizer" name="test_hybrid_optimizer_runs" time="0.003" /><testcase classname="tests.test_commutation.TestPhase2aCommutationRewriterCorrectness" name="test_adjacent_pair_handled_by_hybrid" time="0.002" /><testcase classname="tests.test_commutation.TestPhase2aCommutationRewriterCorrectness" name="test_adjacent_pair_not_handled_by_phase2" time="0.001" /><testcase classname="tests.test_commutation.TestPhase2aCommutationRewriterCorrectness" name="test_cnot_pair_with_z_family_intermediates" time="0.003" /><testcase classname="tests.test_commutation.TestPhase2aCommutationRewriterCorrectness" name="test_disjoint_qubit_intermediate" time="0.001" /><testcase classname="tests.test_commutation.TestPhase2aCommutationRewriterCorrectness" name="test_double_cnot_chain" time="0.001" /><testcase classname="tests.test_commutation.TestPhase2aCommutationRewriterCorrectness" name="test_full_window_cancellation" time="0.002" /><testcase classname="tests.test_commutation.TestPhase2aCommutationRewriterCorrectness" name="test_multiple_cancellations_in_sequence" time="0.003" /><testcase classname="tests.test_commutation.TestPhase2aCommutationRewriterCorrectness" name="test_no_cancel_cnot_with_noncommuting_intermediate" time="0.002" /><testcase classname="tests.test_commutation.TestPhase2aCommutationRewriterCorrectness" name="test_no_cancel_mixed_commutation" time="0.002" /><testcase classname="tests.test_commutation.TestPhase2aCommutationRewriterCorrectness" name="test_no_cancel_when_intermediate_does_not_commute" time="0.001" /><testcase classname="tests.test_commutation.TestPhase2aCommutationRewriterCorrectness" name="test_precheck_checks_both_conditions" time="0.002" /><testcase classname="tests.test_commutation.TestPhase2aCommutationRewriterCorrectness" name="test_precheck_divergence_cnot_s_cnot" time="0.002" /><testcase classname="tests.test_commutation.TestPhase2aCommutationRewriterCorrectness" name="test_precheck_divergence_s_cnot_sdg" time="0.002" /><testcase classname="tests.test_commutation.TestPhase2aCommutationRewriterCorrectness" name="test_precheck_rejects_when_only_one_condition_passes" time="0.002" /><testcase classname="tests.test_commutation.TestPhase2aCommutationRewriterCorrectness" name="test_s_sdg_pair_with_multiple_intermediates" time="0.002" /><testcase classname="tests.test_commutation.TestPhase2aCommutationRewriterCorrectness" name="test_single_intermediate_gate" time="0.001" /><testcase classname="tests.test_commutation.TestPhase2aCommutationRewriterCorrectness" name="test_unitary_preservation_hybrid_random" time="0.039" /><testcase classname="tests.test_commutation.TestPhase2aCommutationRewriterCorrectness" name="test_unitary_preservation_on_ghz" time="0.001" /><testcase classname="tests.test_commutation.TestPhase2aCommutationRewriterCorrectness" name="test_unitary_preservation_on_qft" time="0.003" /><testcase classname="tests.test_commutation.TestPhase2aCommutationRewriterCorrectness" name="test_unitary_preservation_random_clifford" time="0.038" /><testcase classname="tests.test_commutation.TestPhase2aCommutationRewriterCorrectness" name="test_unitary_preservation_random_medium" time="0.059" /><testcase classname="tests.test_commutation.TestPhase2aCommutationRewriterCorrectness" name="test_unitary_preservation_random_small" time="0.033" /><testcase classname="tests.test_commutation_bug_reproduction.TestNumericCommutationFallback" name="test_numeric_fallback_detects_uncovered_one_qubit_commutation" time="0.001" /><testcase classname="tests.test_commutation_bug_reproduction.TestNumericCommutationFallback" name="test_numeric_fallback_disabled_by_default" time="0.001" /><testcase classname="tests.test_commutation_bug_reproduction.TestNumericCommutationFallback" name="test_numeric_fallback_is_bounded_to_two_qubits" time="0.001" /><testcase classname="tests.test_commutation_bug_reproduction.TestCommutationBugReproduction" name="test_all_demos" time="0.014" /><testcase classname="tests.test_commutation_bug_reproduction.TestCommutationBugReproduction" name="test_condition_divergence" time="0.001" /><testcase classname="tests.test_commutation_bug_reproduction.TestCommutationBugReproduction" name="test_missed_cancellation" time="0.002" /><testcase classname="tests.test_commutation_bug_reproduction.TestCommutationBugReproduction" name="test_post_fix" time="0.005" /><testcase classname="tests.test_commutation_bug_reproduction.TestCommutationBugReproduction" name="test_unitary_verification" time="0.002" /><testcase classname="tests.test_commutation_bug_reproduction.TestCommutationBugReproduction" name="test_valid_cancellation" time="0.002" /><testcase classname="tests.test_comparator_version_publication_audit" name="test_targeted_arxiv_publication_audit_is_explicit_and_fail_bounded" time="0.002" /><testcase classname="tests.test_compiler_integration" name="test_qiskit_pass_manager_adapter_cancels_and_records_certificate" time="0.003" /><testcase classname="tests.test_compiler_integration" name="test_adapter_rejects_invalid_output_even_when_optimizer_claims_success" time="0.002" /><testcase classname="tests.test_compiler_integration" name="test_compiler_integration_audit_is_bounded" time="0.009" /><testcase classname="tests.test_compiler_version_sensitivity_audit" name="test_version_panel_covers_two_versions_of_three_compilers" time="0.001" /><testcase classname="tests.test_compiler_version_sensitivity_audit" name="test_version_panel_records_every_isolated_environment_and_bounded_claims" time="0.009" /><testcase classname="tests.test_compiler_version_sensitivity_verifier" name="test_independent_version_panel_receipt_replays_every_artifact" time="0.001" /><testcase classname="tests.test_contribution_independence_audit" name="test_contribution_gate_is_source_bound_and_scope_limited" time="0.008" /><testcase classname="tests.test_cost_vector_scope_audit" name="test_dependency_preserving_t_depth_respects_causal_cliffords" time="0.001" /><testcase classname="tests.test_cost_vector_scope_audit" name="test_generated_cost_vector_scope_audit_is_complete" time="0.001" /><testcase classname="tests.test_direct_dependencies" name="test_release_critical_imports_have_direct_requirements" time="1.090" /><testcase classname="tests.test_direct_dependencies" name="test_audit_rejects_a_removed_direct_requirement" time="1.291" /><testcase classname="tests.test_e03_scaling_model_audit" name="test_e03_scaling_audit_has_models_cis_and_heldout_size" time="0.115" /><testcase classname="tests.test_e10_paired_statistics" name="test_pairing_is_key_based_not_row_order_based" time="0.013" /><testcase classname="tests.test_e10_paired_statistics" name="test_pairwise_report_declares_paired_design_and_effects" time="1.071" /><testcase classname="tests.test_e10_paired_statistics" name="test_duplicate_circuit_optimizer_result_is_rejected" time="0.005" /><testcase classname="tests.test_e12_version_stack_reconciliation" name="test_e12_reconciliation_uses_full_level_key_and_separates_runtime" time="0.165" /><testcase classname="tests.test_e12_version_stack_reconciliation" name="test_generic_overlap_reconciliation_does_not_collapse_e12_levels" time="0.047" /><testcase classname="tests.test_e20_pipeline" name="test_cirq_qasm_sx_definitions_are_injected_once" time="0.001" /><testcase classname="tests.test_e20_pipeline" name="test_cirq_qasm_without_sx_is_unchanged" time="0.001" /><testcase classname="tests.test_e20_pipeline" name="test_e20_run_accepts_an_explicit_output_directory" time="0.001" /><testcase classname="tests.test_e30_distribution" name="test_poisson_gof_returns_grouped_counts_and_valid_p_value" time="0.003" /><testcase classname="tests.test_e30_distribution" name="test_poisson_gof_handles_a_degenerate_count_sample" time="0.001" /><testcase classname="tests.test_e31_basis_weight_sensitivity" name="test_basis_and_weight_cost_profiles_are_explicit" time="0.052" /><testcase classname="tests.test_e31_basis_weight_sensitivity" name="test_generated_full_e31_basis_sensitivity_is_complete" time="0.002" /><testcase classname="tests.test_e31_factorial_pareto" name="test_design_is_complete_reproducible_and_uses_hash_as_unit" time="0.034" /><testcase classname="tests.test_e31_factorial_pareto" name="test_duplicate_seed_rows_collapse_to_one_independent_input" time="0.025" /><testcase classname="tests.test_e31_factorial_pareto" name="test_result_gate_requires_complete_schedule_and_zeroes_invalid_itt" time="0.125" /><testcase classname="tests.test_e31_factorial_pareto" name="test_equal_budget_summary_and_pareto_flag_are_deterministic" time="0.803" /><testcase classname="tests.test_e31_factorial_pareto" name="test_pareto_aggregation_sensitivity_covers_all_four_frozen_schemes" time="2.692" /><testcase classname="tests.test_e31_factorial_pareto" name="test_shared_engine_rule_treatments_are_isolated_without_templates" time="0.006" /><testcase classname="tests.test_e31_factorial_pareto" name="test_shared_engine_template_flag_changes_only_a_matching_template_treatment" time="0.002" /><testcase classname="tests.test_e31_factorial_pareto" name="test_resource_smoke_selects_two_inputs_and_four_cells_each" time="0.016" /><testcase classname="tests.test_e31_factorial_pareto" name="test_family_cluster_power_increases_with_effect_size" time="0.004" /><testcase classname="tests.test_e31_factorial_pareto" name="test_protocol_freezes_one_primary_without_changing_one_pp_mcid" time="0.120" /><testcase classname="tests.test_e31_factorial_pareto" name="test_dual_estimand_primary_uses_all_twelve_grid_cells" time="0.043" /><testcase classname="tests.test_e31_factorial_pareto" name="test_invalid_randomization_interpretation_is_refused" time="0.001" /><testcase classname="tests.test_e31_factorial_pareto" name="test_stratified_bootstrap_is_seeded_and_preserves_constant_family_values" time="0.002" /><testcase classname="tests.test_e31_factorial_pareto" name="test_full_factorial_model_respects_input_blocks_and_analysis_hierarchy" time="0.078" /><testcase classname="tests.test_e31_factorial_pareto" name="test_posthoc_marginal_contrasts_are_exactly_the_disclosed_supportive_family" time="1.133" /><testcase classname="tests.test_e31_factorial_pareto" name="test_unrecorded_anytime_secondary_outcomes_are_not_imputed" time="0.019" /><testcase classname="tests.test_e31_factorial_pareto" name="test_hypervolume_is_seeded_and_deduplicates_failure_axis" time="0.005" /><testcase classname="tests.test_e31_factorial_pareto" name="test_temporal_host_diagnostic_is_complete_but_never_claims_exclusivity" time="0.042" /><testcase classname="tests.test_e31_factorial_pareto" name="test_host_environment_gate_is_bound_and_discloses_shared_host" time="0.016" /><testcase classname="tests.test_e31_factorial_pareto" name="test_host_environment_gate_rejects_false_exclusivity_claim" time="0.015" /><testcase classname="tests.test_e31_factorial_pareto" name="test_transitive_source_gate_rejects_retroactive_prerun_claim" time="0.015" /><testcase classname="tests.test_e31_factorial_pareto" name="test_pareto_aggregation_gate_rejects_false_preregistration_claim" time="0.017" /><testcase classname="tests.test_e31_factorial_pareto" name="test_contrast_expansion_gate_rejects_false_preregistration_claim" time="0.015" /><testcase classname="tests.test_e31_fidelity_threshold_sensitivity" name="test_frozen_e31_threshold_is_stable_and_stricter_grid_is_reported" time="2.425" /><testcase classname="tests.test_e31_finalize_formal_run" name="test_complete_checkpoint_requires_exact_schedule_identity" time="0.025" /><testcase classname="tests.test_e31_finalize_formal_run" name="test_incomplete_checkpoint_is_never_release_eligible" time="0.016" /><testcase classname="tests.test_e31_finalize_formal_run" name="test_foreign_run_id_is_rejected_even_with_complete_row_count" time="0.019" /><testcase classname="tests.test_e31_finalize_formal_run" name="test_sqlite_snapshot_is_integral_and_complete" time="0.023" /><testcase classname="tests.test_e31_finalize_formal_run" name="test_finalize_binds_analysis_packet_in_the_completion_manifest" time="0.166" /><testcase classname="tests.test_e31_finalize_formal_run" name="test_install_seal_pair_rolls_back_first_move_when_second_move_fails" time="0.021" /><testcase classname="tests.test_e31_first_party_import_closure_audit" name="test_current_e31_import_closure_is_exactly_frozen_plus_disclosed" time="0.103" /><testcase classname="tests.test_e31_first_party_import_closure_audit" name="test_recorded_import_closure_audit_fails_closed_on_inventory_drift" time="0.216" /><testcase classname="tests.test_e31_formal_orchestrator" name="test_checkpoint_resume_skips_committed_ids_and_preserves_order" time="0.027" /><testcase classname="tests.test_e31_formal_orchestrator" name="test_duplicate_run_id_is_rejected_atomically" time="0.018" /><testcase classname="tests.test_e31_formal_orchestrator" name="test_fault_after_commit_resumes_without_duplicate_or_skip" time="0.025" /><testcase classname="tests.test_e31_formal_orchestrator" name="test_worker_identity_fault_is_not_checkpointed" time="0.018" /><testcase classname="tests.test_e31_formal_orchestrator" name="test_real_frozen_hash_chain_authorizes_dry_preflight" time="0.372" /><testcase classname="tests.test_e31_formal_orchestrator" name="test_qasm_preflight_parses_legacy_u_and_verifies_frozen_hash" time="0.124" /><testcase classname="tests.test_e31_formal_orchestrator" name="test_release_gate_requires_both_external_tasks_and_hashes" time="0.013" /><testcase classname="tests.test_e31_formal_orchestrator" name="test_worker_ram_aggregate_safety_rejects_absurd_parallelism" time="0.001" /><testcase classname="tests.test_e31_formal_orchestrator" name="test_formal_mode_rejects_overlapping_pytest" time="0.001" /><testcase classname="tests.test_e31_fragility_listing_audit" name="test_fragility_listing_audit_is_complete_and_bounded" time="0.626" /><testcase classname="tests.test_e31_independent_verification_receipt" name="test_receipt_refuses_partial_verification_count" time="0.001" /><testcase classname="tests.test_e31_input_duplicate_isomorphism_audit" name="test_e31_duplicate_and_qubit_relabel_audit_matches_frozen_design" time="4.989" /><testcase classname="tests.test_e31_mixed_model_diagnostics" name="test_mixed_model_converges_but_reports_boundary_geometry" time="3.499" /><testcase classname="tests.test_e31_native_semantic_verifier" name="test_native_kernel_accepts_global_phase_and_composite_identities" time="0.001" /><testcase classname="tests.test_e31_native_semantic_verifier" name="test_native_kernel_kills_semantic_mutant_and_fails_closed" time="0.001" /><testcase classname="tests.test_e31_native_semantic_verifier" name="test_native_kernel_respects_qiskit_little_endian_control_target_order" time="0.001" /><testcase classname="tests.test_e31_native_semantic_verifier" name="test_large_probe_set_is_deterministic_normalized_and_anchored" time="0.001" /><testcase classname="tests.test_e31_posthoc_family_inference" name="test_factorial_and_marginal_point_estimate_oracle_and_legacy_fields_removed" time="0.082" /><testcase classname="tests.test_e31_posthoc_family_inference" name="test_fixed_panel_input_weighting_is_not_equal_family_weighting" time="0.031" /><testcase classname="tests.test_e31_posthoc_family_inference" name="test_t14_hand_oracle_and_reproducible_wild_cluster_sensitivity" time="0.195" /><testcase classname="tests.test_e31_posthoc_family_inference" name="test_constant_effect_oracle_handles_zero_family_variance_without_nan" time="0.196" /><testcase classname="tests.test_e31_posthoc_family_inference" name="test_complete_panel_and_family_df_fail_closed_on_pseudoreplication" time="0.021" /><testcase classname="tests.test_e31_posthoc_family_inference" name="test_gate_binds_protocol_contrasts_disclosure_and_all_invalid_fields" time="0.056" /><testcase classname="tests.test_e31_posthoc_family_inference" name="test_gate_primary_roles_forbid_confirmatory_unseen_family_claim" time="0.001" /><testcase classname="tests.test_e31_posthoc_family_inference" name="test_frozen_marginal_member_order_may_differ_from_protocol_level_order" time="0.063" /><testcase classname="tests.test_e31_pyzx_large_semantic_audit" name="test_pyzx_proves_selected_large_cells_and_rejects_mutants" time="25.476" /><testcase classname="tests.test_e31_recover_interrupted_suffix" name="test_recovery_archives_evidence_and_removes_only_error_suffix" time="0.100" /><testcase classname="tests.test_e31_recover_interrupted_suffix" name="test_recovery_refuses_suffix_containing_non_error" time="0.033" /><testcase classname="tests.test_e31_release_verifier" name="test_strict_boolean_parser_rejects_noncontract_values[yes]" time="0.001" /><testcase classname="tests.test_e31_release_verifier" name="test_strict_boolean_parser_rejects_noncontract_values[]" time="0.001" /><testcase classname="tests.test_e31_release_verifier" name="test_strict_boolean_parser_rejects_noncontract_values[null]" time="0.001" /><testcase classname="tests.test_e31_release_verifier" name="test_strict_boolean_parser_rejects_noncontract_values[nan]" time="0.001" /><testcase classname="tests.test_e31_release_verifier" name="test_strict_boolean_parser_accepts_explicit_contract_encodings" time="0.001" /><testcase classname="tests.test_e31_release_verifier" name="test_independent_receipt_rehashes_bindings_and_checks_inference_boundary" time="0.131" /><testcase classname="tests.test_e31_release_verifier" name="test_e31_release_verifier_rechecks_schedule_and_nested_gates" time="5.168" /><testcase classname="tests.test_e31_release_verifier" name="test_e31_release_verifier_rejects_overstated_prerun_source_provenance" time="2.359" /><testcase classname="tests.test_e31_release_verifier" name="test_e31_release_verifier_rejects_reintroduced_invalid_randomization_p_value" time="3.992" /><testcase classname="tests.test_e31_release_verifier" name="test_e31_release_verifier_rejects_primary_estimate_drift" time="3.880" /><testcase classname="tests.test_e31_release_verifier" name="test_e31_release_verifier_rejects_bootstrap_interval_drift" time="3.868" /><testcase classname="tests.test_e31_release_verifier" name="test_e31_release_verifier_rejects_analysis_artifact_drift" time="2.147" /><testcase classname="tests.test_e31_release_verifier" name="test_e31_release_verifier_rejects_false_host_exclusivity_claim" time="4.175" /><testcase classname="tests.test_e31_release_verifier" name="test_e31_release_verifier_rejects_method_erratum_semantic_drift" time="2.582" /><testcase classname="tests.test_e31_release_verifier" name="test_e31_release_verifier_rejects_noncontiguous_temporal_partition" time="4.952" /><testcase classname="tests.test_e31_release_verifier" name="test_e31_release_verifier_rejects_pareto_table_drift" time="4.011" /><testcase classname="tests.test_e31_release_verifier" name="test_e31_release_verifier_rejects_pareto_aggregation_sensitivity_drift" time="4.250" /><testcase classname="tests.test_e31_release_verifier" name="test_e31_release_verifier_rejects_factorial_coefficient_drift" time="4.469" /><testcase classname="tests.test_e31_release_verifier" name="test_e31_release_verifier_rejects_posthoc_marginal_contrast_drift" time="4.133" /><testcase classname="tests.test_e31_release_verifier" name="test_e31_release_verifier_rejects_posthoc_marginal_family_metadata_drift" time="4.052" /><testcase classname="tests.test_e31_release_verifier" name="test_e31_release_verifier_rejects_garbage_boolean_in_sealed_results" time="2.978" /><testcase classname="tests.test_e31_release_verifier" name="test_e31_release_verifier_rejects_hypervolume_drift" time="4.759" /><testcase classname="tests.test_e31_release_verifier" name="test_e31_release_verifier_rejects_snapshot_csv_status_drift" time="3.318" /><testcase classname="tests.test_e31_release_verifier" name="test_e31_release_verifier_rejects_runtime_source_hash_drift" time="2.165" /><testcase classname="tests.test_e31_release_verifier" name="test_e31_release_verifier_rejects_transitive_source_hash_drift" time="2.330" /><testcase classname="tests.test_e31_release_verifier" name="test_e31_release_verifier_rejects_transitive_gate_time_drift" time="2.322" /><testcase classname="tests.test_e31_release_verifier" name="test_e31_release_verifier_rejects_transitive_gate_path_drift" time="2.299" /><testcase classname="tests.test_e31_release_verifier" name="test_e31_release_verifier_rejects_pareto_gate_semantic_drift" time="2.269" /><testcase classname="tests.test_e31_release_verifier" name="test_e31_release_verifier_rejects_contrast_gate_member_drift" time="3.007" /><testcase classname="tests.test_e31_release_verifier" name="test_e31_release_verifier_rejects_pareto_disclosure_hash_drift" time="2.656" /><testcase classname="tests.test_e31_release_verifier" name="test_e31_release_verifier_rejects_pareto_boundary_timestamp_drift" time="2.906" /><testcase classname="tests.test_e31_resource_profile_audit" name="test_generated_resource_profile_is_complete_and_bounded" time="0.001" /><testcase classname="tests.test_e31_runtime_outcome_audit" name="test_e31_budget_exhausted_valid_rate_is_explicit" time="0.347" /><testcase classname="tests.test_e31_semantic_replay" name="test_operator_metrics_are_exact_for_global_phase_and_non_equivalence" time="0.002" /><testcase classname="tests.test_e31_semantic_replay" name="test_certificate_round_trips_qpy_and_fails_closed_on_record_drift" time="0.060" /><testcase classname="tests.test_e31_semantic_replay" name="test_two_cold_processes_ignore_pythonhashseed" time="6.060" /><testcase classname="tests.test_e31_semantic_replay" name="test_replay_checkpoint_is_resumable_and_revalidates_artifacts" time="0.061" /><testcase classname="tests.test_e31_semantic_replay" name="test_semantic_cells_collapse_only_budget_after_exact_invariant_check" time="0.010" /><testcase classname="tests.test_e31_semantic_replay" name="test_canary_selection_covers_every_family_listing_rule_window_stratum" time="0.015" /><testcase classname="tests.test_e31_semantic_replay" name="test_formal_checkpoint_reader_fails_closed_on_sql_json_identity_drift" time="0.017" /><testcase classname="tests.test_e31_specification_influence_audit" name="test_e31_specification_and_family_influence_audit" time="1.594" /><testcase classname="tests.test_e31_structural_distribution_metrics" name="test_structural_metrics_are_exact_for_logical_qpy_representation" time="0.002" /><testcase classname="tests.test_e31_structural_distribution_metrics" name="test_distributional_metrics_fail_closed_and_include_zero_success_inputs" time="0.013" /><testcase classname="tests.test_e31_temporal_gate_binding" name="test_temporal_binding_distinguishes_embedded_time_from_filesystem_mtime" time="0.045" /><testcase classname="tests.test_e31_validity_runtime_frontier" name="test_e31_validity_runtime_frontier_and_auc" time="0.862" /><testcase classname="tests.test_equivalence_verifier_agreement_audit" name="test_equivalence_verifiers_agree_and_unsupported_semantics_fail_closed" time="0.075" /><testcase classname="tests.test_equivalence_verifier_agreement_audit" name="test_manual_semantic_kernel_matches_qiskit_only_as_an_external_oracle" time="0.003" /><testcase classname="tests.test_external_guoq_benchmark" name="test_hashes_are_algorithm_specific" time="0.005" /><testcase classname="tests.test_external_guoq_benchmark" name="test_missing_java_is_classified_without_exception" time="0.006" /><testcase classname="tests.test_external_guoq_bqskit_pilot" name="test_resynthesis_summary_marks_active_request_as_censored" time="0.001" /><testcase classname="tests.test_external_link_audit" name="test_extract_links_records_source_and_trims_sentence_punctuation" time="0.017" /><testcase classname="tests.test_fidelity_estimator" name="test_global_sampling_does_not_treat_local_error_as_high_fidelity" time="0.196" /><testcase classname="tests.test_fidelity_estimator" name="test_identical_circuits_have_unit_fidelity" time="0.002" /><testcase classname="tests.test_fidelity_estimator" name="test_known_analytic_fidelity_value" time="0.002" /><testcase classname="tests.test_fidelity_estimator" name="test_fidelity_is_deterministic_across_calls" time="0.002" /><testcase classname="tests.test_fidelity_estimator" name="test_sampling_estimator_tracks_exact_value" time="0.370" /><testcase classname="tests.test_fidelity_estimator" name="test_sampling_failure_is_unavailable_not_structural_similarity" time="0.004" /><testcase classname="tests.test_fidelity_estimator" name="test_exact_operator_failure_uses_sampled_estimator" time="0.201" /><testcase classname="tests.test_fidelity_estimator" name="test_success_is_validity_and_meaningful_adds_reduction_threshold" time="0.001" /><testcase classname="tests.test_fidelity_estimator" name="test_rotation_inverse_predicate_respects_two_pi_periodicity" time="0.001" /><testcase classname="tests.test_fidelity_estimator" name="test_certificate_records_method_scope_threshold_and_evidence" time="0.001" /><testcase classname="tests.test_fidelity_estimator" name="test_free_parameter_is_unavailable_even_for_identical_syntax" time="0.001" /><testcase classname="tests.test_fidelity_estimator" name="test_bound_parameter_enters_numerical_unitary_contract" time="0.001" /><testcase classname="tests.test_fidelity_estimator" name="test_nonunitary_operations_fail_closed[measure]" time="0.001" /><testcase classname="tests.test_fidelity_estimator" name="test_nonunitary_operations_fail_closed[reset]" time="0.001" /><testcase classname="tests.test_fidelity_estimator" name="test_classically_conditioned_or_dynamic_program_fails_closed" time="0.001" /><testcase classname="tests.test_fidelity_estimator" name="test_global_phase_is_accepted_by_numerical_unitary_contract" time="0.001" /><testcase classname="tests.test_fidelity_estimator" name="test_minimal_identity_vs_x_counterexample_is_rejected" time="0.001" /><testcase classname="tests.test_fidelity_estimator" name="test_large_nonclifford_certificate_is_explicitly_sampled" time="0.013" /><testcase classname="tests.test_fidelity_estimator" name="test_qasm2_unitary_round_trip_preserves_semantics" time="0.002" /><testcase classname="tests.test_fidelity_estimator" name="test_qasm2_measurement_round_trip_remains_out_of_scope" time="0.001" /><testcase classname="tests.test_fidelity_estimator" name="test_heuristic_certificate_can_never_be_accepted" time="0.000" /><testcase classname="tests.test_fidelity_estimator" name="test_optimization_result_preserves_non_lossy_equivalence_certificate" time="0.002" /><testcase classname="tests.test_finite_size_scaling" name="test_zero_order_parameter_has_undefined_binder_cumulant" time="0.001" /><testcase classname="tests.test_finite_size_scaling" name="test_nonstandard_second_order_formula_is_rejected" time="0.001" /><testcase classname="tests.test_finite_size_scaling" name="test_asymptotic_bootstrap_preserves_all_system_sizes" time="0.044" /><testcase classname="tests.test_finite_size_scaling" name="test_critical_point_wrapper_discloses_true_estimand" time="0.007" /><testcase classname="tests.test_finite_size_scaling" name="test_scaling_collapse_uses_leave_one_size_out_validation" time="0.001" /><testcase classname="tests.test_gate_predicates.TestQubitIndices" name="test_single_qubit_gate" time="0.001" /><testcase classname="tests.test_gate_predicates.TestQubitIndices" name="test_two_qubit_gate" time="0.001" /><testcase classname="tests.test_gate_predicates.TestQubitIndices" name="test_invalid_instruction" time="0.000" /><testcase classname="tests.test_gate_predicates.TestIsSelfInversePair" name="test_h_h_cancels" time="0.001" /><testcase classname="tests.test_gate_predicates.TestIsSelfInversePair" name="test_x_x_cancels" time="0.001" /><testcase classname="tests.test_gate_predicates.TestIsSelfInversePair" name="test_cnot_cnot_cancels" time="0.001" /><testcase classname="tests.test_gate_predicates.TestIsSelfInversePair" name="test_t_tdg_cancels" time="0.001" /><testcase classname="tests.test_gate_predicates.TestIsSelfInversePair" name="test_s_sdg_cancels" time="0.001" /><testcase classname="tests.test_gate_predicates.TestIsSelfInversePair" name="test_rz_inverse_angles" time="0.001" /><testcase classname="tests.test_gate_predicates.TestIsSelfInversePair" name="test_different_qubits_no_cancel" time="0.001" /><testcase classname="tests.test_gate_predicates.TestIsSelfInversePair" name="test_non_inverse_pair" time="0.000" /><testcase classname="tests.test_gate_predicates.TestIsSelfInversePair" name="test_swap_swap_cancels" time="0.001" /><testcase classname="tests.test_gate_predicates.TestIsMergeableRotation" name="test_rz_rz_mergeable" time="0.001" /><testcase classname="tests.test_gate_predicates.TestIsMergeableRotation" name="test_rx_rx_mergeable" time="0.001" /><testcase classname="tests.test_gate_predicates.TestIsMergeableRotation" name="test_rz_rx_not_mergeable" time="0.001" /><testcase classname="tests.test_gate_predicates.TestIsMergeableRotation" name="test_different_qubits_not_mergeable" time="0.001" /><testcase classname="tests.test_gate_predicates.TestGatesCommute" name="test_disjoint_qubits_commute" time="0.001" /><testcase classname="tests.test_gate_predicates.TestGatesCommute" name="test_same_gate_same_qubit_commutes" time="0.001" /><testcase classname="tests.test_gate_predicates.TestGatesCommute" name="test_z_family_commute" time="0.001" /><testcase classname="tests.test_gate_predicates.TestGatesCommute" name="test_cnot_z_control_commute" time="0.001" /><testcase classname="tests.test_gate_predicates.TestGatesCommute" name="test_cnot_x_target_commute" time="0.001" /><testcase classname="tests.test_gate_predicates.TestGatesCommute" name="test_cnot_rx_target_commute" time="0.001" /><testcase classname="tests.test_gate_predicates.TestGatesCommute" name="test_cz_z_family_commute" time="0.001" /><testcase classname="tests.test_gate_predicates.TestGatesCommute" name="test_cz_z_family_other_qubit" time="0.001" /><testcase classname="tests.test_gate_predicates.TestGatesCommute" name="test_swap_swap_same_pair_commute" time="0.001" /><testcase classname="tests.test_gate_predicates.TestGatesCommute" name="test_cz_cz_same_pair_commute" time="0.001" /><testcase classname="tests.test_gate_predicates.TestGatesCommute" name="test_non_commuting_h_cnot" time="0.001" /><testcase classname="tests.test_gate_predicates.TestGatesCommute" name="test_non_commuting_x_z" time="0.001" /><testcase classname="tests.test_gate_predicates.TestGatesCommute" name="test_rz_rz_same_axis_commute" time="0.001" /><testcase classname="tests.test_generate_e31_formal_release_gate" name="test_builder_output_is_validator_compatible" time="0.046" /><testcase classname="tests.test_generate_e31_formal_release_gate" name="test_complete_fresh_layout_aware_fixture_passes" time="0.243" /><testcase classname="tests.test_generate_e31_formal_release_gate" name="test_mixed_run_id_is_rejected" time="0.135" /><testcase classname="tests.test_generate_e31_formal_release_gate" name="test_active_checkpoint_is_rejected_before_missing_evidence" time="0.007" /><testcase classname="tests.test_generate_e31_formal_release_gate" name="test_failed_generation_removes_stale_gate" time="0.128" /><testcase classname="tests.test_generate_e31_formal_release_gate" name="test_release_manifest_sources_are_unique_and_superseded_hardware_is_excluded" time="0.037" /><testcase classname="tests.test_hardness_families.TestTheorem7HardnessFamily" name="test_circuit_implements_identity" time="0.037" /><testcase classname="tests.test_hardness_families.TestTheorem7HardnessFamily" name="test_invalid_n_raises" time="0.001" /><testcase classname="tests.test_hardness_families.TestTheorem7HardnessFamily" name="test_phase1_no_reduction" time="0.004" /><testcase classname="tests.test_hardness_families.TestTheorem7HardnessFamily" name="test_phase2a_achieves_omega_one" time="0.044" /><testcase classname="tests.test_hardware_routing_overhead_audit" name="test_logical_communication_counts_distinguishes_remote_pair" time="0.035" /><testcase classname="tests.test_hardware_routing_overhead_audit" name="test_generated_hardware_routing_audit_is_complete" time="0.016" /><testcase classname="tests.test_hardware_validation_metrics" name="test_hardware_metrics_use_target_snapshot_and_two_qubit_depth" time="0.019" /><testcase classname="tests.test_hardware_validation_metrics" name="test_logical_metrics_do_not_invent_backend_values" time="0.001" /><testcase classname="tests.test_heldout_calibration_null_audit" name="test_heldout_calibration_baseline_and_label_permutation" time="0.627" /><testcase classname="tests.test_heldout_class_gateset_generalization_audit" name="test_all_rows_receive_class_and_gateset_crossfit_predictions" time="0.273" /><testcase classname="tests.test_heldout_generalization_ood_audit" name="test_generated_generalization_ood_audit_is_complete_and_bounded" time="0.001" /><testcase classname="tests.test_heldout_generalization_ood_audit" name="test_ood_threshold_uses_training_only_and_abstention_is_diagnostic" time="0.001" /><testcase classname="tests.test_heldout_v2_execution" name="test_execution_protocol_matches_sealed_manifest_and_runner" time="0.050" /><testcase classname="tests.test_heldout_v2_execution" name="test_execution_protocol_freezes_analysis_without_refit" time="0.001" /><testcase classname="tests.test_heldout_v2_execution" name="test_completed_combined_packet_satisfies_independent_family_expansion" time="0.001" /><testcase classname="tests.test_heldout_v2_execution" name="test_fresh_metadata_source_contract_is_declared_in_executor" time="0.001" /><testcase classname="tests.test_heldout_v2_execution" name="test_sealed_v2_manifest_round_trips_through_shared_runner_loader" time="1.729" /><testcase classname="tests.test_heldout_v2_execution" name="test_exact_fidelity_honors_transpiler_final_layout" time="0.018" /><testcase classname="tests.test_heldout_v2_execution" name="test_exact_fidelity_honors_random_output_permutations" time="0.153" /><testcase classname="tests.test_heldout_v2_seal" name="test_heldout_v2_declares_eight_unique_mechanisms" time="0.001" /><testcase classname="tests.test_heldout_v2_seal" name="test_fixed_model_replay_matches_direct_logistic_formula" time="0.002" /><testcase classname="tests.test_heldout_v2_seal" name="test_protocol_forbids_refit_and_requires_unique_hashes" time="0.001" /><testcase classname="tests.test_heldout_v2_seal" name="test_materialized_input_packet_hashes_verify_at_current_stage" time="0.005" /><testcase classname="tests.test_integration.TestIntegration" name="test_all_optimizers_on_random_circuit" time="3.429" /><testcase classname="tests.test_integration.TestIntegration" name="test_data_output_format" time="0.045" /><testcase classname="tests.test_listing_phase2b_interaction" name="test_random_topological_listing_preserves_unitary_and_gate_count" time="0.001" /><testcase classname="tests.test_listing_phase2b_interaction" name="test_compute_contrasts_uses_paired_phase_differences" time="0.011" /><testcase classname="tests.test_metric_audit_ledger" name="test_catalog_and_registry_are_unique_592_item_inventories" time="2.806" /><testcase classname="tests.test_metric_audit_ledger" name="test_passes_are_item_specific_and_nonpass_rows_fail_closed" time="2.790" /><testcase classname="tests.test_metric_audit_ledger" name="test_every_registry_row_has_hashed_file_selector_and_predicate" time="0.038" /><testcase classname="tests.test_metric_audit_ledger" name="test_catalog_reference_cannot_be_relabelled_as_satisfaction" time="0.017" /><testcase classname="tests.test_metric_audit_ledger" name="test_registry_catalog_hash_drift_is_rejected" time="0.049" /><testcase classname="tests.test_monotone_ceiling" name="test_phase1_lower_bound_is_clipped_and_monotone" time="0.002" /><testcase classname="tests.test_monotone_ceiling" name="test_phase1_lower_bound_rejects_negative_density" time="0.001" /><testcase classname="tests.test_novelty_counterexample_audit" name="test_identical_counterexample_audit_is_bounded_not_absence_proof" time="0.018" /><testcase classname="tests.test_optimizers.TestBaseOptimizer" name="test_fidelity_different_qubit_counts" time="0.001" /><testcase classname="tests.test_optimizers.TestBaseOptimizer" name="test_fidelity_identical_circuits" time="0.001" /><testcase classname="tests.test_optimizers.TestBaseOptimizer" name="test_fidelity_inverses" time="0.001" /><testcase classname="tests.test_optimizers.TestBaseOptimizer" name="test_optimization_result_reduction" time="0.000" /><testcase classname="tests.test_optimizers.TestBaseOptimizer" name="test_optimization_result_zero_original" time="0.000" /><testcase classname="tests.test_optimizers.TestGreedyOptimizer" name="test_cnot_cancellation" time="0.001" /><testcase classname="tests.test_optimizers.TestGreedyOptimizer" name="test_fidelity_preservation_random_circuit" time="0.002" /><testcase classname="tests.test_optimizers.TestGreedyOptimizer" name="test_no_cancellation_different_qubits" time="0.001" /><testcase classname="tests.test_optimizers.TestGreedyOptimizer" name="test_no_false_cancellation" time="0.001" /><testcase classname="tests.test_optimizers.TestGreedyOptimizer" name="test_rotation_cancellation" time="0.001" /><testcase classname="tests.test_optimizers.TestGreedyOptimizer" name="test_rotation_merge" time="0.001" /><testcase classname="tests.test_optimizers.TestGreedyOptimizer" name="test_simple_cancellation" time="0.001" /><testcase classname="tests.test_optimizers.TestGreedyOptimizer" name="test_t_tdg_cancellation" time="0.001" /><testcase classname="tests.test_optimizers.TestPerformance" name="test_greedy_runtime_small_circuit" time="0.005" /><testcase classname="tests.test_optimizers.TestPerformance" name="test_hybrid_runtime_small_circuit" time="0.003" /><testcase classname="tests.test_optimizers.TestGACrossoverFix" name="test_crossover_children_always_valid" time="7.179" /><testcase classname="tests.test_optimizers.TestGACrossoverFix" name="test_crossover_preserves_unitary_10qubit" time="73.846" /><testcase classname="tests.test_optimizers.TestGACrossoverFix" name="test_ga_end_to_end_10qubit_fidelity" time="101.181" /><testcase classname="tests.test_optimizers.TestQuantumAdderFix" name="test_adder_0_plus_0_equals_0" time="0.003" /><testcase classname="tests.test_optimizers.TestQuantumAdderFix" name="test_adder_1_plus_1_equals_2" time="0.002" /><testcase classname="tests.test_optimizers.TestQuantumAdderFix" name="test_adder_3_plus_2_equals_5" time="0.003" /><testcase classname="tests.test_optimizers.TestQuantumAdderFix" name="test_adder_7_plus_3_equals_10" time="0.002" /><testcase classname="tests.test_optimizers.TestQuantumAdderFix" name="test_adder_multiple_cases" time="0.011" /><testcase classname="tests.test_optimizers.TestQuantumAdderFix" name="test_make_quantum_adder_random_inputs" time="0.011" /><testcase classname="tests.test_optimizers.TestRotationMergingPhysicalEquivalence" name="test_cnot_dihedral_no_false_removal" time="0.003" /><testcase classname="tests.test_optimizers.TestRotationMergingPhysicalEquivalence" name="test_rx_pi_plus_neg_pi_removed" time="0.001" /><testcase classname="tests.test_optimizers.TestRotationMergingPhysicalEquivalence" name="test_rx_pi_plus_pi_removed" time="0.003" /><testcase classname="tests.test_optimizers.TestRotationMergingPhysicalEquivalence" name="test_ry_pi_plus_neg_pi_removed" time="0.001" /><testcase classname="tests.test_optimizers.TestRotationMergingPhysicalEquivalence" name="test_ry_pi_plus_pi_removed" time="0.001" /><testcase classname="tests.test_optimizers.TestRotationMergingPhysicalEquivalence" name="test_rz_05_plus_neg_05_removed" time="0.001" /><testcase classname="tests.test_optimizers.TestRotationMergingPhysicalEquivalence" name="test_rz_half_pi_plus_three_half_pi_removed" time="0.001" /><testcase classname="tests.test_optimizers.TestRotationMergingPhysicalEquivalence" name="test_rz_pi_plus_neg_pi_removed" time="0.001" /><testcase classname="tests.test_optimizers.TestRotationMergingPhysicalEquivalence" name="test_rz_pi_plus_pi_removed" time="0.002" /><testcase classname="tests.test_optimizers.TestRotationMergingPhysicalEquivalence" name="test_unitary_preserved_rx_pi_plus_pi" time="0.002" /><testcase classname="tests.test_optimizers.TestRotationMergingPhysicalEquivalence" name="test_unitary_preserved_ry_pi_plus_pi" time="0.002" /><testcase classname="tests.test_optimizers.TestRotationMergingPhysicalEquivalence" name="test_unitary_preserved_rz_05_plus_neg_05" time="0.002" /><testcase classname="tests.test_optimizers.TestRotationMergingPhysicalEquivalence" name="test_unitary_preserved_rz_half_pi_plus_three_half_pi" time="0.003" /><testcase classname="tests.test_optimizers.TestRotationMergingPhysicalEquivalence" name="test_unitary_preserved_rz_pi_plus_pi" time="0.002" /><testcase classname="tests.test_optimizers.TestFidelityEstimator" name="test_equivalent_clifford_circuits_large_n" time="0.002" /><testcase classname="tests.test_optimizers.TestFidelityEstimator" name="test_estimate_fidelity_backward_compatible" time="0.419" /><testcase classname="tests.test_optimizers.TestFidelityEstimator" name="test_estimate_fidelity_different_circuits" time="2.236" /><testcase classname="tests.test_optimizers.TestFidelityEstimator" name="test_estimate_fidelity_known_analytical_value" time="2.160" /><testcase classname="tests.test_optimizers.TestFidelityEstimator" name="test_estimate_fidelity_large_n_identical" time="0.001" /><testcase classname="tests.test_optimizers.TestFidelityEstimator" name="test_estimate_fidelity_single_qubit_2design" time="0.002" /><testcase classname="tests.test_optimizers.TestFidelityEstimator" name="test_identical_circuits_large_n" time="0.001" /><testcase classname="tests.test_phase2b_template_matcher.TestPhase2bTemplateMatcher" name="test_basic_h_cx_h_control_template" time="0.003" /><testcase classname="tests.test_phase2b_template_matcher.TestPhase2bTemplateMatcher" name="test_bv_like_measured_bound_for_2_3_5" time="0.008" /><testcase classname="tests.test_phase2b_template_matcher.TestPhase2bTemplateMatcher" name="test_bv_like_unitary_and_fidelity_preserved_for_2_3_5" time="0.014" /><testcase classname="tests.test_phase2b_template_matcher.TestPhase2bTemplateMatcher" name="test_cz_cz_cancellation" time="0.002" /><testcase classname="tests.test_phase2b_template_matcher.TestPhase2bTemplateMatcher" name="test_exposed_adjacent_h_pairs_cancel" time="0.002" /><testcase classname="tests.test_phase2b_template_matcher.TestPhase2bTemplateMatcher" name="test_h_cx_h_target_to_cz" time="0.002" /><testcase classname="tests.test_phase2b_template_matcher.TestPhase2bTemplateMatcher" name="test_h_h_cancellation" time="0.003" /><testcase classname="tests.test_phase2b_template_matcher.TestPhase2bTemplateMatcher" name="test_s_sdag_cancellation" time="0.002" /><testcase classname="tests.test_phase2b_template_matcher.TestPhase2bTemplateLibraryV2" name="test_ccx_ccx_cancellation" time="0.002" /><testcase classname="tests.test_phase2b_template_matcher.TestPhase2bTemplateLibraryV2" name="test_cswap_cswap_cancellation" time="0.002" /><testcase classname="tests.test_phase2b_template_matcher.TestPhase2bTemplateLibraryV2" name="test_cx_cx_cancellation" time="0.003" /><testcase classname="tests.test_phase2b_template_matcher.TestPhase2bTemplateLibraryV2" name="test_grover_fidelity_preserved" time="0.055" /><testcase classname="tests.test_phase2b_template_matcher.TestPhase2bTemplateLibraryV2" name="test_h_ccx_h_to_ccz" time="0.002" /><testcase classname="tests.test_phase2b_template_matcher.TestPhase2bTemplateLibraryV2" name="test_h_cz_h_to_cx_on_qubit0" time="0.004" /><testcase classname="tests.test_phase2b_template_matcher.TestPhase2bTemplateLibraryV2" name="test_h_cz_h_to_cx_on_qubit1" time="0.003" /><testcase classname="tests.test_phase2b_template_matcher.TestPhase2bTemplateLibraryV2" name="test_h_mcx_h_to_mcz" time="0.011" /><testcase classname="tests.test_phase2b_template_matcher.TestPhase2bTemplateLibraryV2" name="test_no_negative_index_wraparound" time="0.002" /><testcase classname="tests.test_phase2b_template_matcher.TestPhase2bTemplateLibraryV2" name="test_phase_merge_generic_angle_to_p" time="0.002" /><testcase classname="tests.test_phase2b_template_matcher.TestPhase2bTemplateLibraryV2" name="test_phase_merge_ss_to_z" time="0.003" /><testcase classname="tests.test_phase2b_template_matcher.TestPhase2bTemplateLibraryV2" name="test_phase_merge_to_identity" time="0.002" /><testcase classname="tests.test_phase2b_template_matcher.TestPhase2bTemplateLibraryV2" name="test_phase_merge_tt_to_s" time="0.002" /><testcase classname="tests.test_phase2b_template_matcher.TestPhase2bTemplateLibraryV2" name="test_reversal_guard_prevents_oscillation" time="0.002" /><testcase classname="tests.test_phase2b_template_matcher.TestPhase2bTemplateLibraryV2" name="test_rotation_inverse_cancellation" time="0.002" /><testcase classname="tests.test_phase2b_template_matcher.TestPhase2bTemplateLibraryV2" name="test_rotation_merge_rz" time="0.002" /><testcase classname="tests.test_phase2b_template_matcher.TestPhase2bTemplateLibraryV2" name="test_t_tdg_cancellation" time="0.002" /><testcase classname="tests.test_phase2b_template_matcher.TestPhase2bTemplateLibraryV2" name="test_x_and_z_self_inverse" time="0.002" /><testcase classname="tests.test_phase2b_template_matcher.TestPhase2bFullPipelineBV" name="test_bv_exceeds_thm9_bound" time="0.079" /><testcase classname="tests.test_phase2b_template_matcher.TestPhase2bFullPipelineBV" name="test_bv_reaches_k_plus_2_optimum" time="0.066" /><testcase classname="tests.test_predictive_advantage" name="test_family_aggregation_reports_instance_count_and_agreement" time="0.006" /><testcase classname="tests.test_predictive_advantage" name="test_validation_counts_families_not_size_rows" time="0.022" /><testcase classname="tests.test_prepaper_external_blockers" name="test_blocker_table_covers_every_fail_and_external" time="0.024" /><testcase classname="tests.test_prepaper_external_blockers" name="test_blocker_table_has_complete_fields" time="0.001" /><testcase classname="tests.test_prepaper_external_blockers" name="test_blocker_table_does_not_claim_local_agent_as_external_actor" time="0.001" /><testcase classname="tests.test_prepaper_hardware_analysis" name="test_paired_analysis_treats_seed_as_repeat_not_new_design_cell" time="0.021" /><testcase classname="tests.test_prepaper_hardware_analysis" name="test_paired_analysis_fails_when_original_pair_is_missing" time="0.006" /><testcase classname="tests.test_prepaper_hardware_analysis" name="test_paired_analysis_rejects_unverified_reduced_output" time="0.002" /><testcase classname="tests.test_prepaper_readiness_verdict" name="test_verdict_counts_sum_to_592" time="0.001" /><testcase classname="tests.test_prepaper_readiness_verdict" name="test_verdict_is_ready_with_boundaries" time="0.001" /><testcase classname="tests.test_prepaper_readiness_verdict" name="test_verdict_is_bound_to_current_zero_failure_pytest_receipt" time="0.003" /><testcase classname="tests.test_prepaper_readiness_verdict" name="test_verdict_requires_fixed_core_claims_and_complete_blocker_coverage" time="0.001" /><testcase classname="tests.test_prepaper_readiness_verdict" name="test_verdict_retains_all_non_pass_items" time="0.001" /><testcase classname="tests.test_prepaper_readiness_verdict" name="test_live_repository_has_no_github_actions_workflows" time="0.002" /><testcase classname="tests.test_prepaper_retrospective_binding_audit" name="test_retrospective_binding_status_and_metrics" time="0.001" /><testcase classname="tests.test_prepaper_retrospective_binding_audit" name="test_retrospective_binding_hashes_match_workspace" time="0.021" /><testcase classname="tests.test_prepaper_retrospective_binding_audit" name="test_retrospective_binding_claim_boundary_is_bounded" time="0.001" /><testcase classname="tests.test_prepaper_statistics" name="test_cluster_sign_permutation_is_exact_for_small_cluster_counts" time="0.002" /><testcase classname="tests.test_qubit_permutation_metamorphic_audit" name="test_qubit_permutation_metamorphic_audit" time="0.130" /><testcase classname="tests.test_release_manifest" name="test_manifest_and_listing_dataset_are_synchronized" time="0.037" /><testcase classname="tests.test_release_manifest" name="test_historical_manifest_generator_excludes_prepaper_packet" time="0.994" /><testcase classname="tests.test_release_manifest" name="test_external_fidelity_lineage_is_cross_verified" time="0.142" /><testcase classname="tests.test_rewrite_order_confluence_audit" name="test_rewrite_order_audit_completes_without_semantic_drift" time="0.096" /><testcase classname="tests.test_rewrite_property_sweep" name="test_composed_rewrite_properties_across_seeded_random_circuits" time="0.311" /><testcase classname="tests.test_sbom" name="test_checked_in_sbom_covers_direct_dependencies" time="0.007" /><testcase classname="tests.test_sbom" name="test_prepaper_release_pins_dependency_rebuild_inputs" time="0.001" /><testcase classname="tests.test_sbom" name="test_sbom_verifier_rejects_volatile_metadata" time="0.027" /><testcase classname="tests.test_sbom" name="test_sbom_verifier_rejects_missing_root_dependency_edges" time="0.031" /><testcase classname="tests.test_semantic_mutation_sentinels" name="test_targeted_semantic_mutants_are_killed_and_equivalent_controls_survive" time="0.088" /><testcase classname="tests.test_sota_resource_metrics" name="test_two_qubit_depth_counts_only_entangling_layers" time="0.001" /><testcase classname="tests.test_sota_resource_metrics" name="test_new_resource_fields_default_to_unavailable_not_zero" time="0.001" /><testcase classname="tests.test_sota_resource_metrics" name="test_worker_reports_cpu_and_sampled_process_tree_rss" time="2.468" /><testcase classname="tests.test_sota_resource_metrics" name="test_quality_runtime_pareto_excludes_invalid_and_missing_runtime" time="0.012" /><testcase classname="tests.test_statistical_analysis" name="test_bh_known_rejections" time="0.001" /><testcase classname="tests.test_statistical_analysis" name="test_bh_rejection_count_consistent" time="0.001" /><testcase classname="tests.test_statistical_analysis" name="test_bh_all_significant" time="0.002" /><testcase classname="tests.test_statistical_analysis" name="test_bh_none_significant" time="0.001" /><testcase classname="tests.test_statistical_analysis" name="test_bh_single_pvalue_significant" time="0.001" /><testcase classname="tests.test_statistical_analysis" name="test_bh_single_pvalue_not_significant" time="0.000" /><testcase classname="tests.test_statistical_analysis" name="test_bh_adjusted_p_monotone" time="0.001" /><testcase classname="tests.test_statistical_analysis" name="test_bh_adjusted_p_bounded_by_one" time="0.000" /><testcase classname="tests.test_statistical_analysis" name="test_bh_adjusted_geq_raw" time="0.001" /><testcase classname="tests.test_statistical_analysis" name="test_bh_empty_raises_valueerror" time="0.000" /><testcase classname="tests.test_statistical_analysis" name="test_bh_invalid_pvalue_raises" time="0.000" /><testcase classname="tests.test_statistical_analysis" name="test_bh_invalid_alpha_raises" time="0.000" /><testcase classname="tests.test_statistical_analysis" name="test_bootstrap_normal_contains_mean" time="0.361" /><testcase classname="tests.test_statistical_analysis" name="test_bootstrap_normal_ci_brackets_mean" time="0.381" /><testcase classname="tests.test_statistical_analysis" name="test_bootstrap_constant_data_zero_width" time="0.048" /><testcase classname="tests.test_statistical_analysis" name="test_bootstrap_reproducibility" time="0.108" /><testcase classname="tests.test_statistical_analysis" name="test_bootstrap_different_seeds_differ" time="0.095" /><testcase classname="tests.test_statistical_analysis" name="test_bootstrap_empty_raises_valueerror" time="0.001" /><testcase classname="tests.test_statistical_analysis" name="test_bootstrap_n_bootstrap_too_small_raises" time="0.000" /><testcase classname="tests.test_statistical_analysis" name="test_bootstrap_invalid_ci_raises" time="0.000" /><testcase classname="tests.test_statistical_analysis" name="test_bootstrap_convergence_check" time="0.079" /><testcase classname="tests.test_statistical_analysis" name="test_bootstrap_convergence_constant_data" time="0.024" /><testcase classname="tests.test_statistical_analysis" name="test_bootstrap_ci_level_stored" time="0.047" /><testcase classname="tests.test_statistical_analysis" name="test_cliffs_delta_identical_distributions" time="0.001" /><testcase classname="tests.test_statistical_analysis" name="test_cliffs_delta_clearly_different" time="0.001" /><testcase classname="tests.test_statistical_analysis" name="test_cliffs_delta_reversed" time="0.001" /><testcase classname="tests.test_statistical_analysis" name="test_cliffs_delta_ci_bounds_valid" time="0.001" /><testcase classname="tests.test_statistical_analysis" name="test_cohens_d_known_values" time="0.001" /><testcase classname="tests.test_statistical_analysis" name="test_cohens_d_zero_effect" time="0.001" /><testcase classname="tests.test_statistical_analysis" name="test_cohens_d_ci_brackets_estimate" time="0.001" /><testcase classname="tests.test_statistical_analysis" name="test_hedges_g_correction_factor" time="0.001" /><testcase classname="tests.test_statistical_analysis" name="test_hedges_g_larger_samples" time="0.001" /><testcase classname="tests.test_statistical_analysis" name="test_effect_size_magnitude_thresholds" time="0.000" /><testcase classname="tests.test_statistical_analysis" name="test_effect_size_empty_x_raises" time="0.000" /><testcase classname="tests.test_statistical_analysis" name="test_effect_size_empty_y_raises" time="0.000" /><testcase classname="tests.test_statistical_analysis" name="test_cohens_d_empty_raises" time="0.000" /><testcase classname="tests.test_statistical_analysis" name="test_cohens_d_zero_variance_raises" time="0.001" /><testcase classname="tests.test_statistical_analysis" name="test_glass_delta_known_value" time="0.001" /><testcase classname="tests.test_statistical_analysis" name="test_glass_delta_zero_variance_baseline_falls_back" time="0.001" /><testcase classname="tests.test_statistical_analysis" name="test_glass_delta_both_zero_variance_undefined" time="0.001" /><testcase classname="tests.test_statistical_analysis" name="test_glass_delta_both_zero_variance_different_constants" time="0.001" /><testcase classname="tests.test_statistical_analysis" name="test_glass_delta_explicit_control_x" time="0.001" /><testcase classname="tests.test_statistical_analysis" name="test_glass_delta_explicit_zero_variance_control_undefined" time="0.001" /><testcase classname="tests.test_statistical_analysis" name="test_glass_delta_sign_and_swap" time="0.001" /><testcase classname="tests.test_statistical_analysis" name="test_glass_delta_empty_raises" time="0.000" /><testcase classname="tests.test_statistical_analysis" name="test_glass_delta_single_observation_raises" time="0.000" /><testcase classname="tests.test_statistical_analysis" name="test_glass_delta_invalid_control_raises" time="0.000" /><testcase classname="tests.test_statistical_analysis" name="test_core_cliffs_delta_basic" time="0.001" /><testcase classname="tests.test_statistical_analysis" name="test_core_cliffs_delta_identical" time="0.001" /><testcase classname="tests.test_statistical_analysis" name="test_core_cohens_d_basic" time="0.001" /><testcase classname="tests.test_statistical_analysis" name="test_core_cohens_d_zero_variance" time="0.001" /><testcase classname="tests.test_statistical_analysis" name="test_fidelity_summary_basic" time="0.003" /><testcase classname="tests.test_statistical_analysis" name="test_fidelity_summary_missing_column_raises" time="0.001" /><testcase classname="tests.test_statistical_analysis" name="test_fidelity_summary_quantiles" time="0.002" /><testcase classname="tests.test_statistical_analysis" name="test_threshold_sensitivity_basic" time="0.002" /><testcase classname="tests.test_statistical_analysis" name="test_threshold_sensitivity_default_thresholds" time="0.002" /><testcase classname="tests.test_statistical_analysis" name="test_threshold_sensitivity_missing_column_raises" time="0.001" /><testcase classname="tests.test_statistical_analysis" name="test_threshold_sensitivity_all_pass" time="0.001" /><testcase classname="tests.test_statistical_analysis" name="test_threshold_sensitivity_none_pass" time="0.001" /><testcase classname="tests.test_statistical_analysis" name="test_power_calculation_large_effect" time="0.001" /><testcase classname="tests.test_statistical_analysis" name="test_power_calculation_tiny_effect" time="0.001" /><testcase classname="tests.test_statistical_analysis" name="test_power_calculation_medium_effect" time="0.001" /><testcase classname="tests.test_statistical_analysis" name="test_power_calculation_monotone_in_n" time="0.001" /><testcase classname="tests.test_statistical_analysis" name="test_power_calculation_monotone_in_d" time="0.001" /><testcase classname="tests.test_statistical_analysis" name="test_power_module_calculate_power" time="0.003" /><testcase classname="tests.test_statistical_analysis" name="test_power_module_invalid_n_raises" time="0.000" /><testcase classname="tests.test_statistical_analysis" name="test_mwu_are_power_preserves_nominal_alpha_under_null" time="0.001" /><testcase classname="tests.test_statistical_analysis" name="test_core_bh_returns_tuple" time="0.001" /><testcase classname="tests.test_statistical_analysis" name="test_core_bh_step_up_not_naive" time="0.001" /><testcase classname="tests.test_statistical_analysis" name="test_holm_bonferroni_basic" time="0.001" /><testcase classname="tests.test_statistical_analysis" name="test_holm_adjusted_p_matches_reference_values" time="0.001" /><testcase classname="tests.test_statistical_analysis" name="test_holm_bonferroni_all_significant" time="0.001" /><testcase classname="tests.test_statistical_analysis" name="test_holm_bonferroni_none_significant" time="0.000" /><testcase classname="tests.test_statistical_analysis" name="test_by_correction_more_conservative_than_bh" time="0.001" /><testcase classname="tests.test_statistical_analysis" name="test_by_c_m_correction_factor" time="0.001" /><testcase classname="tests.test_statistical_analysis" name="test_by_correction_basic" time="0.001" /><testcase classname="tests.test_statistical_analysis" name="test_by_cm_factor" time="0.001" /><testcase classname="tests.test_stochastic_incumbent" name="test_swap_then_removal_refutes_general_empty_initial_action_ceiling" time="0.352" /><testcase classname="tests.test_stochastic_incumbent" name="test_exploration_bonus_never_returns_a_larger_circuit" time="2.443" /><testcase classname="tests.test_transformation_failure_localization_audit" name="test_all_transformation_stage_sentinels_localize_the_first_failure" time="0.008" /><testcase classname="tests.test_verify_metric_audit_ledger" name="test_current_metric_ledger_is_independently_verified" time="1.926" /><testcase classname="tests.test_verify_metric_audit_ledger" name="test_verifier_rejects_manual_status_edit_even_if_summary_hash_is_updated" time="0.570" /><testcase classname="tests.test_verify_metric_audit_ledger" name="test_verifier_rejects_attachment_catalog_text_drift" time="0.014" /><testcase classname="tests.test_verify_metric_audit_ledger" name="test_verifier_rejects_registry_selector_drift" time="0.072" /><testcase classname="tests.test_verify_metric_audit_ledger" name="test_independent_verifier_does_not_import_generator_status_logic" time="0.002" /><testcase classname="tests.test_wire_traversal.TestWireTraversal" name="test_empty_circuit" time="0.001" /><testcase classname="tests.test_wire_traversal.TestWireTraversal" name="test_same_qubit_gates_adjacent" time="0.001" /><testcase classname="tests.test_wire_traversal.TestWireTraversal" name="test_single_gate_circuit" time="0.001" /><testcase classname="tests.test_wire_traversal.TestWireTraversal" name="test_two_qubit_gate_assigned_to_primary_wire" time="0.002" /><testcase classname="tests.test_wire_traversal.TestWireTraversal" name="test_unitary_equivalence_multi_qubit" time="0.003" /><testcase classname="tests.test_wire_traversal.TestWireTraversal" name="test_unitary_equivalence_random_circuits" time="0.065" /><testcase classname="tests.test_wire_traversal.TestWireTraversal" name="test_unitary_equivalence_real_benchmarks" time="0.005" /><testcase classname="tests.test_wire_traversal.TestWireTraversal" name="test_unitary_equivalence_single_qubit" time="0.001" /><testcase classname="tests.test_wire_traversal.TestWireTraversal" name="test_wcl_creates_adjacent_cnot_pairs" time="0.002" /><testcase classname="tests.test_wire_traversal.TestWireTraversal" name="test_wcl_creates_adjacent_inverse_pairs" time="0.002" /><testcase classname="tests.test_wire_traversal.TestWireTraversal" name="test_wcl_greedy_fidelity_preservation" time="0.066" /><testcase classname="tests.test_wire_traversal.TestWireTraversal" name="test_wcl_metadata_reports_wire_traversal" time="0.001" /><testcase classname="tests.test_wire_traversal.TestWireTraversal" name="test_wcl_no_change_for_single_wire_circuit" time="0.001" /><testcase classname="tests.test_wire_traversal.TestWireTraversal" name="test_wcl_tdg_t_cancellation_across_wires" time="0.002" /><testcase classname="tests.test_wire_traversal.TestWireTraversal" name="test_wire_ordering_three_qubits" time="0.001" /><testcase classname="tests.test_wire_traversal.TestWireTraversal" name="test_wire_traversal_false_no_preprocessing" time="0.001" /><testcase classname="tests.test_wire_traversal.TestWireTraversal" name="test_wire_traversal_parameter_default_false" time="0.001" /><testcase classname="tests.test_wire_traversal.TestWireTraversal" name="test_wire_traversal_parameter_true" time="0.001" /><testcase classname="tests.test_zero_inflated_statistics" name="test_summary_reports_zero_mass_and_conditional_nonzero_distribution" time="0.001" /><testcase classname="tests.test_zero_inflated_statistics" name="test_comparison_separates_zero_rate_from_nonzero_effect" time="0.001" /><testcase classname="tests.test_zero_inflated_statistics" name="test_summary_rejects_all_missing_values" time="0.001" /></testsuite></testsuites>